This is pdfTeX, Version 3.1415926-2.5-1.40.14 (MiKTeX 2.9 64-bit) (preloaded format=latex 2015.6.15)  20 AUG 2015 13:35
entering extended mode
**template.tex
(G:\Springer\template.tex
LaTeX2e <2011/06/27>
Babel <v3.8m> and hyphenation patterns for english, afrikaans, ancientgreek, arabic, armenian, assamese, basque, bengali
, bokmal, bulgarian, catalan, coptic, croatian, czech, danish, dutch, esperanto, estonian, farsi, finnish, french, galic
ian, german, german-x-2013-05-26, greek, gujarati, hindi, hungarian, icelandic, indonesian, interlingua, irish, italian,
 kannada, kurmanji, latin, latvian, lithuanian, malayalam, marathi, mongolian, mongolianlmc, monogreek, ngerman, ngerman
-x-2013-05-26, nynorsk, oriya, panjabi, pinyin, polish, portuguese, romanian, russian, sanskrit, serbian, slovak, sloven
ian, spanish, swedish, swissgerman, tamil, telugu, turkish, turkmen, ukenglish, ukrainian, uppersorbian, usenglishmax, w
elsh, loaded.

LaTeX Warning: File `example.eps' already exists on the system.
               Not generating it from this source.

("C:\Program Files\MiKTeX 2.9\tex\latex\base\fix-cm.sty"
Package: fix-cm 2006/09/13 v1.1m fixes to LaTeX
 ("C:\Program Files\MiKTeX 2.9\tex\latex\base\ts1enc.def"
File: ts1enc.def 2001/06/05 v3.0e (jk/car/fm) Standard LaTeX file
))
(G:\Springer\svjour3.cls
Document Class: svjour3 2007/05/08 v3.2 
LaTeX document class for Springer journals
Class Springer-SVJour3 Info: extra/valid Springer sub-package (-> *.clo) 
(Springer-SVJour3)           not found in option list of \documentclass
(Springer-SVJour3)           - autoactivating "global" style.
(G:\Springer\svglov3.clo
File: svglov3.clo 2009/12/18 v3.2 style option for standardised journals

SVJour Class option: svglov3.clo for standardised journals
)
LaTeX Font Info:    Redeclaring math symbol \Gamma on input line 147.
LaTeX Font Info:    Redeclaring math symbol \Delta on input line 148.
LaTeX Font Info:    Redeclaring math symbol \Theta on input line 149.
LaTeX Font Info:    Redeclaring math symbol \Lambda on input line 150.
LaTeX Font Info:    Redeclaring math symbol \Xi on input line 151.
LaTeX Font Info:    Redeclaring math symbol \Pi on input line 152.
LaTeX Font Info:    Redeclaring math symbol \Sigma on input line 153.
LaTeX Font Info:    Redeclaring math symbol \Upsilon on input line 154.
LaTeX Font Info:    Redeclaring math symbol \Phi on input line 155.
LaTeX Font Info:    Redeclaring math symbol \Psi on input line 156.
LaTeX Font Info:    Redeclaring math symbol \Omega on input line 157.
\logodepth=\dimen102
\headerboxheight=\dimen103
\betweenumberspace=\dimen104
\aftertext=\dimen105
\headlineindent=\dimen106
\c@inst=\count79
\c@auth=\count80
\instindent=\dimen107
\authrun=\box26
\authorrunning=\toks14
\titrun=\box27
\titlerunning=\toks15
\combirun=\box28
\c@lastpage=\count81
\rubricwidth=\dimen108
\c@section=\count82
\c@subsection=\count83
\c@subsubsection=\count84
\c@paragraph=\count85
\c@subparagraph=\count86
\spthmsep=\dimen109
\c@theorem=\count87
\c@case=\count88
\c@conjecture=\count89
\c@corollary=\count90
\c@definition=\count91
\c@example=\count92
\c@exercise=\count93
\c@lemma=\count94
\c@note=\count95
\c@problem=\count96
\c@property=\count97
\c@proposition=\count98
\c@question=\count99
\c@solution=\count100
\c@remark=\count101
\c@figure=\count102
\c@table=\count103
\abovecaptionskip=\skip41
\belowcaptionskip=\skip42
\figcapgap=\dimen110
\tabcapgap=\dimen111
\figgap=\dimen112
\bibindent=\dimen113
\@tempcntc=\count104
) ("C:\Program Files\MiKTeX 2.9\tex\latex\graphics\graphicx.sty"
Package: graphicx 1999/02/16 v1.0f Enhanced LaTeX Graphics (DPC,SPQR)

("C:\Program Files\MiKTeX 2.9\tex\latex\graphics\keyval.sty"
Package: keyval 1999/03/16 v1.13 key=value parser (DPC)
\KV@toks@=\toks16
)
("C:\Program Files\MiKTeX 2.9\tex\latex\graphics\graphics.sty"
Package: graphics 2009/02/05 v1.0o Standard LaTeX Graphics (DPC,SPQR)
 ("C:\Program Files\MiKTeX 2.9\tex\latex\graphics\trig.sty"
Package: trig 1999/03/16 v1.09 sin cos tan (DPC)
) ("C:\Program Files\MiKTeX 2.9\tex\latex\00miktex\graphics.cfg"
File: graphics.cfg 2007/01/18 v1.5 graphics configuration of teTeX/TeXLive
)
Package graphics Info: Driver file: dvips.def on input line 91.

("C:\Program Files\MiKTeX 2.9\tex\latex\graphics\dvips.def"
File: dvips.def 1999/02/16 v3.0i Driver-dependant file (DPC,SPQR)
))
\Gin@req@height=\dimen114
\Gin@req@width=\dimen115
) (G:\Springer\template.aux)
LaTeX Font Info:    Checking defaults for OML/cmm/m/it on input line 62.
LaTeX Font Info:    ... okay on input line 62.
LaTeX Font Info:    Checking defaults for T1/cmr/m/n on input line 62.
LaTeX Font Info:    ... okay on input line 62.
LaTeX Font Info:    Checking defaults for OT1/cmr/m/n on input line 62.
LaTeX Font Info:    ... okay on input line 62.
LaTeX Font Info:    Checking defaults for OMS/cmsy/m/n on input line 62.
LaTeX Font Info:    ... okay on input line 62.
LaTeX Font Info:    Checking defaults for OMX/cmex/m/n on input line 62.
LaTeX Font Info:    ... okay on input line 62.
LaTeX Font Info:    Checking defaults for U/cmr/m/n on input line 62.
LaTeX Font Info:    ... okay on input line 62.
LaTeX Font Info:    Checking defaults for TS1/cmr/m/n on input line 62.
LaTeX Font Info:    ... okay on input line 62.

Unknown journal: specify \journalname{<name of your journal>} in preambel

SVJour3 warning: Missing \journalname
LaTeX Font Info:    External font `cmex10' loaded for size
(Font)              <7> on input line 95.
LaTeX Font Info:    External font `cmex10' loaded for size
(Font)              <5> on input line 95.
LaTeX Font Info:    External font `cmex10' loaded for size
(Font)              <8> on input line 95.
LaTeX Font Info:    External font `cmex10' loaded for size
(Font)              <6> on input line 95.

Overfull \hbox (4.41827pt too wide) in paragraph at lines 98--99
[]\OT1/cmr/m/n/10 This work presents a new hard-ware re-con-fig-u-ra-tion ap-proach, named
 []

[1]
Overfull \hbox (14.44499pt too wide) in paragraph at lines 109--110
\OT1/cmr/m/n/10 used for de-vel-op-ing new re-ceivers, which pro-vide all nec-es-sary de-cod-ing/processing
 []


Overfull \hbox (1.58267pt too wide) in paragraph at lines 115--116
\OT1/cmr/m/n/10 for a num-ber of ap-pli-ca-tions (\OT1/cmr/m/it/10 e.g.\OT1/cmr/m/n/10 , crypto cores, DSP cores and en-
coder/decoder
 []

[2]
File: images/Fig1.eps Graphic file (type eps)
 <images/Fig1.eps> [3] [4] [5]
File: images/Fig2.eps Graphic file (type eps)
 <images/Fig2.eps> [6]
Underfull \vbox (badness 3769) has occurred while \output is active []

 [7]
File: images/Fig3.eps Graphic file (type eps)
 <images/Fig3.eps> [8]
File: images/Fig4.eps Graphic file (type eps)
 <images/Fig4.eps>
Underfull \vbox (badness 2181) has occurred while \output is active []

 [9] [10]
File: images/cyc.eps Graphic file (type eps)
 <images/cyc.eps> [11]
File: images/Fig5.eps Graphic file (type eps)
 <images/Fig5.eps>
[12]
Overfull \hbox (34.4377pt too wide) in paragraph at lines 318--319
\OT1/cmr/m/n/10 cur-rently broad-cast. The other nec-es-sary data are pro-vided by $\OML/cmm/m/it/10 update[]hw[]identif
ier\OT1/cmr/m/n/10 ()$,
 []

[13]
Overfull \hbox (28.66708pt too wide) in paragraph at lines 351--352
\OML/cmm/m/it/10 descriptor[]length$\OT1/cmr/m/n/10 , con-tains the loop con-tent size, in bytes. The $\OML/cmm/m/it/10 
remount[]core[]pck[]pid$
 []

File: images/Fig6.eps Graphic file (type eps)
<images/Fig6.eps> [14]
File: images/Fig7.eps Graphic file (type eps)
 <images/Fig7.eps> [15]
File: images/bigpicture.eps Graphic file (type eps)
 <images/bigpicture.eps>
Overfull \hbox (30.57744pt too wide) in paragraph at lines 411--412
 [][] 
 []

[16] [17] [18] [19] [20]
Underfull \vbox (badness 2376) has occurred while \output is active []

 [21]
Missing character: There is no Ã in font cmr8!
Missing character: There is no ¼ in font cmr8!
 [22] [23] [24] (G:\Springer\template.aux) ) 
Here is how much of TeX's memory you used:
 1338 strings out of 493922
 18956 string characters out of 3147299
 69363 words of memory out of 3000000
 4661 multiletter control sequences out of 15000+200000
 9832 words of font info for 34 fonts, out of 3000000 for 9000
 841 hyphenation exceptions out of 8191
 25i,8n,20p,2129b,285s stack positions out of 5000i,500n,10000p,200000b,50000s

Output written on template.dvi (24 pages, 87680 bytes).
